# Logfile created on 2022-06-29 12:04:06 +0200 by logger.rb/61378
2022-09-30T08:08:39.657Z 6875 TID-oxhuw2j1j INFO: Booting Sidekiq 5.1.3 with redis options {:url=>"redis://localhost/", :namespace=>"workers", :size=>30, :id=>"Sidekiq-server-PID-6875"}
2022-09-30T08:08:39.853Z 6875 TID-oxhuw2j1j INFO: Running in ruby 2.5.5p157 (2019-03-15 revision 67260) [x86_64-darwin21]
2022-09-30T08:08:39.853Z 6875 TID-oxhuw2j1j INFO: See LICENSE and the LGPL-3.0 for licensing details.
2022-09-30T08:08:39.853Z 6875 TID-oxhuw2j1j INFO: Upgrade to Sidekiq Pro for more features and support: http://sidekiq.org
2022-09-30T08:08:39.857Z 6875 TID-oxhuw2j1j INFO: Starting processing, hit Ctrl-C to stop
2022-09-30T08:08:53.073Z 6875 TID-oxhokvolb UserPresubscription::ConfirmationMailJob JID-7d262eb71276d909cb7e10b0 INFO: start
2022-09-30T08:08:54.104Z 6875 TID-oxhokvolb UserPresubscription::ConfirmationMailJob JID-7d262eb71276d909cb7e10b0 INFO: done: 1.031 sec
2022-09-30T08:08:54.104Z 6875 TID-oxhokvolb ActionMailer::Parameterized::DeliveryJob JID-a8c301bd9da7e6400ceb460b INFO: start
2022-09-30T08:08:54.932Z 6875 TID-oxhokvolb ActionMailer::Parameterized::DeliveryJob JID-a8c301bd9da7e6400ceb460b INFO: done: 0.828 sec
2022-09-30T08:21:23.576Z 6875 TID-oxhokvolb UserPresubscription::ConfirmationMailJob JID-abe24925239c4b4deb2a9bfe INFO: start
2022-09-30T08:21:24.138Z 6875 TID-oxhokvolb UserPresubscription::ConfirmationMailJob JID-abe24925239c4b4deb2a9bfe INFO: done: 0.562 sec
2022-09-30T08:21:24.141Z 6875 TID-oxhokvolb ActionMailer::Parameterized::DeliveryJob JID-b23a668e2eba0d82b811b9ef INFO: start
2022-09-30T08:21:24.511Z 6875 TID-oxhokvolb ActionMailer::Parameterized::DeliveryJob JID-b23a668e2eba0d82b811b9ef INFO: done: 0.37 sec
2022-09-30T09:02:26.898Z 6875 TID-oxhokvolb ActionMailer::Parameterized::DeliveryJob JID-bce4831c04b2a158731d2f07 INFO: start
2022-09-30T09:03:35.724Z 6875 TID-oxhokvolb ActionMailer::Parameterized::DeliveryJob JID-bce4831c04b2a158731d2f07 INFO: fail: 68.825 sec
2022-09-30T09:03:35.724Z 6875 TID-oxhokvolb WARN: {"context":"Job raised exception","job":{"class":"ActiveJob::QueueAdapters::SidekiqAdapter::JobWrapper","wrapped":"ActionMailer::Parameterized::DeliveryJob","queue":"mailers","args":[{"job_class":"ActionMailer::Parameterized::DeliveryJob","job_id":"b2ebb6f1-447d-46f9-8c9a-bd277eb2bf65","provider_job_id":null,"queue_name":"mailers","priority":null,"arguments":["UserMailer","email_user_share_document","deliver_now",{"user":{"_aj_globalid":"gid://tol-users-api/Latam::User/2565"},"user_subscription":null,"extra_params":{"mail":"santiagodelafuente2013@gmail.com","text":"sdadasdasd","numeroTOL":"LTM26.339.810","doc_url":"http://www.tirantlocal.com.co/base/col/document_file/632d70413f2e614be6eb1093","_aj_hash_with_indifferent_access":true},"_aj_symbol_keys":["user","user_subscription","extra_params"]}],"executions":0,"locale":"es"}],"retry":true,"jid":"bce4831c04b2a158731d2f07","created_at":1663922311.702822,"enqueued_at":1664528546.897439,"error_message":"uninitialized constant UserMailer","error_class":"NameError","failed_at":1663922311.7070742,"retry_count":7,"retried_at":1664525182.718016},"jobstr":"{\"class\":\"ActiveJob::QueueAdapters::SidekiqAdapter::JobWrapper\",\"wrapped\":\"ActionMailer::Parameterized::DeliveryJob\",\"queue\":\"mailers\",\"args\":[{\"job_class\":\"ActionMailer::Parameterized::DeliveryJob\",\"job_id\":\"b2ebb6f1-447d-46f9-8c9a-bd277eb2bf65\",\"provider_job_id\":null,\"queue_name\":\"mailers\",\"priority\":null,\"arguments\":[\"UserMailer\",\"email_user_share_document\",\"deliver_now\",{\"user\":{\"_aj_globalid\":\"gid://tol-users-api/Latam::User/2565\"},\"user_subscription\":null,\"extra_params\":{\"mail\":\"santiagodelafuente2013@gmail.com\",\"text\":\"sdadasdasd\",\"numeroTOL\":\"LTM26.339.810\",\"doc_url\":\"http://www.tirantlocal.com.co/base/col/document_file/632d70413f2e614be6eb1093\",\"_aj_hash_with_indifferent_access\":true},\"_aj_symbol_keys\":[\"user\",\"user_subscription\",\"extra_params\"]}],\"executions\":0,\"locale\":\"es\"}],\"retry\":true,\"jid\":\"bce4831c04b2a158731d2f07\",\"created_at\":1663922311.702822,\"enqueued_at\":1664528546.897439,\"error_message\":\"uninitialized constant UserMailer\",\"error_class\":\"NameError\",\"failed_at\":1663922311.7070742,\"retry_count\":7,\"retried_at\":1664525182.718016}"}
2022-09-30T09:03:35.724Z 6875 TID-oxhokvolb WARN: ActiveJob::DeserializationError: Error while trying to deserialize arguments: Unknown MySQL server host 'joanot2.tirant.net' (8)
2022-09-30T09:03:35.724Z 6875 TID-oxhokvolb WARN: /Users/santiago/.rbenv/versions/2.5.5/lib/ruby/gems/2.5.0/gems/mysql2-0.4.10/lib/mysql2/client.rb:89:in `connect'
/Users/santiago/.rbenv/versions/2.5.5/lib/ruby/gems/2.5.0/gems/mysql2-0.4.10/lib/mysql2/client.rb:89:in `initialize'
/Users/santiago/.rbenv/versions/2.5.5/lib/ruby/gems/2.5.0/gems/activerecord-5.1.7/lib/active_record/connection_adapters/mysql2_adapter.rb:109:in `new'
/Users/santiago/.rbenv/versions/2.5.5/lib/ruby/gems/2.5.0/gems/activerecord-5.1.7/lib/active_record/connection_adapters/mysql2_adapter.rb:109:in `connect'
/Users/santiago/.rbenv/versions/2.5.5/lib/ruby/gems/2.5.0/gems/activerecord-5.1.7/lib/active_record/connection_adapters/mysql2_adapter.rb:95:in `reconnect!'
/Users/santiago/.rbenv/versions/2.5.5/lib/ruby/gems/2.5.0/gems/activerecord-5.1.7/lib/active_record/connection_adapters/abstract_adapter.rb:444:in `verify!'
/Users/santiago/.rbenv/versions/2.5.5/lib/ruby/gems/2.5.0/gems/activerecord-5.1.7/lib/active_record/connection_adapters/abstract/connection_pool.rb:810:in `block in checkout_and_verify'
/Users/santiago/.rbenv/versions/2.5.5/lib/ruby/gems/2.5.0/gems/activesupport-5.1.7/lib/active_support/callbacks.rb:131:in `run_callbacks'
/Users/santiago/.rbenv/versions/2.5.5/lib/ruby/gems/2.5.0/gems/activesupport-5.1.7/lib/active_support/callbacks.rb:827:in `_run_checkout_callbacks'
/Users/santiago/.rbenv/versions/2.5.5/lib/ruby/gems/2.5.0/gems/activerecord-5.1.7/lib/active_record/connection_adapters/abstract/connection_pool.rb:809:in `checkout_and_verify'
/Users/santiago/.rbenv/versions/2.5.5/lib/ruby/gems/2.5.0/gems/activerecord-5.1.7/lib/active_record/connection_adapters/abstract/connection_pool.rb:502:in `checkout'
/Users/santiago/.rbenv/versions/2.5.5/lib/ruby/gems/2.5.0/gems/activerecord-5.1.7/lib/active_record/connection_adapters/abstract/connection_pool.rb:376:in `connection'
/Users/santiago/.rbenv/versions/2.5.5/lib/ruby/gems/2.5.0/gems/activerecord-5.1.7/lib/active_record/connection_adapters/abstract/connection_pool.rb:933:in `retrieve_connection'
/Users/santiago/.rbenv/versions/2.5.5/lib/ruby/gems/2.5.0/gems/activerecord-5.1.7/lib/active_record/connection_handling.rb:116:in `retrieve_connection'
/Users/santiago/.rbenv/versions/2.5.5/lib/ruby/gems/2.5.0/gems/activerecord-5.1.7/lib/active_record/connection_handling.rb:88:in `connection'
/Users/santiago/.rbenv/versions/2.5.5/lib/ruby/gems/2.5.0/gems/activerecord-5.1.7/lib/active_record/relation/delegation.rb:44:in `connection'
/Users/santiago/.rbenv/versions/2.5.5/lib/ruby/gems/2.5.0/gems/activerecord-5.1.7/lib/active_record/relation/query_methods.rb:81:in `bound_attributes'
/Users/santiago/.rbenv/versions/2.5.5/lib/ruby/gems/2.5.0/gems/activerecord-5.1.7/lib/active_record/relation.rb:678:in `exec_queries'
/Users/santiago/.rbenv/versions/2.5.5/lib/ruby/gems/2.5.0/gems/activerecord-5.1.7/lib/active_record/relation.rb:546:in `load'
/Users/santiago/.rbenv/versions/2.5.5/lib/ruby/gems/2.5.0/gems/activerecord-5.1.7/lib/active_record/relation.rb:255:in `records'
/Users/santiago/.rbenv/versions/2.5.5/lib/ruby/gems/2.5.0/gems/activerecord-5.1.7/lib/active_record/relation/finder_methods.rb:508:in `find_take'
/Users/santiago/.rbenv/versions/2.5.5/lib/ruby/gems/2.5.0/gems/activerecord-5.1.7/lib/active_record/relation/finder_methods.rb:100:in `take'
/Users/santiago/.rbenv/versions/2.5.5/lib/ruby/gems/2.5.0/gems/activerecord-5.1.7/lib/active_record/relation/finder_methods.rb:458:in `find_one'
/Users/santiago/.rbenv/versions/2.5.5/lib/ruby/gems/2.5.0/gems/activerecord-5.1.7/lib/active_record/relation/finder_methods.rb:440:in `find_with_ids'
/Users/santiago/.rbenv/versions/2.5.5/lib/ruby/gems/2.5.0/gems/activerecord-5.1.7/lib/active_record/relation/finder_methods.rb:66:in `find'
/Users/santiago/.rbenv/versions/2.5.5/lib/ruby/gems/2.5.0/gems/activerecord-5.1.7/lib/active_record/querying.rb:3:in `find'
/Users/santiago/.rbenv/versions/2.5.5/lib/ruby/gems/2.5.0/gems/composite_primary_keys-10.0.5/lib/composite_primary_keys/core.rb:27:in `find'
/Users/santiago/.rbenv/versions/2.5.5/lib/ruby/gems/2.5.0/gems/globalid-0.5.2/lib/global_id/locator.rb:130:in `locate'
/Users/santiago/.rbenv/versions/2.5.5/lib/ruby/gems/2.5.0/gems/globalid-0.5.2/lib/global_id/locator.rb:155:in `block in locate'
/Users/santiago/.rbenv/versions/2.5.5/lib/ruby/gems/2.5.0/gems/globalid-0.5.2/lib/global_id/locator.rb:165:in `block in unscoped'
/Users/santiago/.rbenv/versions/2.5.5/lib/ruby/gems/2.5.0/gems/activerecord-5.1.7/lib/active_record/scoping/default.rb:35:in `block in unscoped'
/Users/santiago/.rbenv/versions/2.5.5/lib/ruby/gems/2.5.0/gems/activerecord-5.1.7/lib/active_record/relation.rb:336:in `scoping'
/Users/santiago/.rbenv/versions/2.5.5/lib/ruby/gems/2.5.0/gems/activerecord-5.1.7/lib/active_record/scoping/default.rb:35:in `unscoped'
/Users/santiago/.rbenv/versions/2.5.5/lib/ruby/gems/2.5.0/gems/globalid-0.5.2/lib/global_id/locator.rb:165:in `unscoped'
/Users/santiago/.rbenv/versions/2.5.5/lib/ruby/gems/2.5.0/gems/globalid-0.5.2/lib/global_id/locator.rb:155:in `locate'
/Users/santiago/.rbenv/versions/2.5.5/lib/ruby/gems/2.5.0/gems/globalid-0.5.2/lib/global_id/locator.rb:17:in `locate'
/Users/santiago/.rbenv/versions/2.5.5/lib/ruby/gems/2.5.0/gems/activejob-5.1.7/lib/active_job/arguments.rb:99:in `deserialize_global_id'
/Users/santiago/.rbenv/versions/2.5.5/lib/ruby/gems/2.5.0/gems/activejob-5.1.7/lib/active_job/arguments.rb:85:in `deserialize_argument'
/Users/santiago/.rbenv/versions/2.5.5/lib/ruby/gems/2.5.0/gems/activejob-5.1.7/lib/active_job/arguments.rb:109:in `block in deserialize_hash'
/Users/santiago/.rbenv/versions/2.5.5/lib/ruby/gems/2.5.0/gems/activejob-5.1.7/lib/active_job/arguments.rb:109:in `transform_values'
/Users/santiago/.rbenv/versions/2.5.5/lib/ruby/gems/2.5.0/gems/activejob-5.1.7/lib/active_job/arguments.rb:109:in `deserialize_hash'
/Users/santiago/.rbenv/versions/2.5.5/lib/ruby/gems/2.5.0/gems/activejob-5.1.7/lib/active_job/arguments.rb:87:in `deserialize_argument'
/Users/santiago/.rbenv/versions/2.5.5/lib/ruby/gems/2.5.0/gems/activejob-5.1.7/lib/active_job/arguments.rb:39:in `block in deserialize'
/Users/santiago/.rbenv/versions/2.5.5/lib/ruby/gems/2.5.0/gems/activejob-5.1.7/lib/active_job/arguments.rb:39:in `map'
/Users/santiago/.rbenv/versions/2.5.5/lib/ruby/gems/2.5.0/gems/activejob-5.1.7/lib/active_job/arguments.rb:39:in `deserialize'
/Users/santiago/.rbenv/versions/2.5.5/lib/ruby/gems/2.5.0/gems/activejob-5.1.7/lib/active_job/core.rb:135:in `deserialize_arguments'
/Users/santiago/.rbenv/versions/2.5.5/lib/ruby/gems/2.5.0/gems/activejob-5.1.7/lib/active_job/core.rb:125:in `deserialize_arguments_if_needed'
/Users/santiago/.rbenv/versions/2.5.5/lib/ruby/gems/2.5.0/gems/activejob-5.1.7/lib/active_job/execution.rb:32:in `perform_now'
/Users/santiago/.rbenv/versions/2.5.5/lib/ruby/gems/2.5.0/gems/activejob-5.1.7/lib/active_job/execution.rb:22:in `block in execute'
/Users/santiago/.rbenv/versions/2.5.5/lib/ruby/gems/2.5.0/gems/activesupport-5.1.7/lib/active_support/callbacks.rb:108:in `block in run_callbacks'
/Users/santiago/.rbenv/versions/2.5.5/lib/ruby/gems/2.5.0/gems/activejob-5.1.7/lib/active_job/railtie.rb:26:in `block (4 levels) in <class:Railtie>'
/Users/santiago/.rbenv/versions/2.5.5/lib/ruby/gems/2.5.0/gems/activesupport-5.1.7/lib/active_support/execution_wrapper.rb:85:in `wrap'
/Users/santiago/.rbenv/versions/2.5.5/lib/ruby/gems/2.5.0/gems/activesupport-5.1.7/lib/active_support/reloader.rb:68:in `block in wrap'
/Users/santiago/.rbenv/versions/2.5.5/lib/ruby/gems/2.5.0/gems/activesupport-5.1.7/lib/active_support/execution_wrapper.rb:81:in `wrap'
/Users/santiago/.rbenv/versions/2.5.5/lib/ruby/gems/2.5.0/gems/activesupport-5.1.7/lib/active_support/reloader.rb:67:in `wrap'
/Users/santiago/.rbenv/versions/2.5.5/lib/ruby/gems/2.5.0/gems/activejob-5.1.7/lib/active_job/railtie.rb:25:in `block (3 levels) in <class:Railtie>'
/Users/santiago/.rbenv/versions/2.5.5/lib/ruby/gems/2.5.0/gems/activesupport-5.1.7/lib/active_support/callbacks.rb:117:in `instance_exec'
/Users/santiago/.rbenv/versions/2.5.5/lib/ruby/gems/2.5.0/gems/activesupport-5.1.7/lib/active_support/callbacks.rb:117:in `block in run_callbacks'
/Users/santiago/.rbenv/versions/2.5.5/lib/ruby/gems/2.5.0/gems/activesupport-5.1.7/lib/active_support/callbacks.rb:135:in `run_callbacks'
/Users/santiago/.rbenv/versions/2.5.5/lib/ruby/gems/2.5.0/gems/activejob-5.1.7/lib/active_job/execution.rb:20:in `execute'
/Users/santiago/.rbenv/versions/2.5.5/lib/ruby/gems/2.5.0/gems/activejob-5.1.7/lib/active_job/queue_adapters/sidekiq_adapter.rb:40:in `perform'
/Users/santiago/.rbenv/versions/2.5.5/lib/ruby/gems/2.5.0/gems/sidekiq-5.1.3/lib/sidekiq/processor.rb:187:in `execute_job'
/Users/santiago/.rbenv/versions/2.5.5/lib/ruby/gems/2.5.0/gems/sidekiq-5.1.3/lib/sidekiq/processor.rb:169:in `block (2 levels) in process'
/Users/santiago/.rbenv/versions/2.5.5/lib/ruby/gems/2.5.0/gems/sidekiq-5.1.3/lib/sidekiq/middleware/chain.rb:128:in `block in invoke'
/Users/santiago/.rbenv/versions/2.5.5/lib/ruby/gems/2.5.0/gems/sidekiq-5.1.3/lib/sidekiq/middleware/chain.rb:133:in `invoke'
/Users/santiago/.rbenv/versions/2.5.5/lib/ruby/gems/2.5.0/gems/sidekiq-5.1.3/lib/sidekiq/processor.rb:168:in `block in process'
/Users/santiago/.rbenv/versions/2.5.5/lib/ruby/gems/2.5.0/gems/sidekiq-5.1.3/lib/sidekiq/processor.rb:139:in `block (6 levels) in dispatch'
/Users/santiago/.rbenv/versions/2.5.5/lib/ruby/gems/2.5.0/gems/sidekiq-5.1.3/lib/sidekiq/job_retry.rb:98:in `local'
/Users/santiago/.rbenv/versions/2.5.5/lib/ruby/gems/2.5.0/gems/sidekiq-5.1.3/lib/sidekiq/processor.rb:138:in `block (5 levels) in dispatch'
/Users/santiago/.rbenv/versions/2.5.5/lib/ruby/gems/2.5.0/gems/sidekiq-5.1.3/lib/sidekiq/rails.rb:42:in `block in call'
/Users/santiago/.rbenv/versions/2.5.5/lib/ruby/gems/2.5.0/gems/activesupport-5.1.7/lib/active_support/execution_wrapper.rb:85:in `wrap'
/Users/santiago/.rbenv/versions/2.5.5/lib/ruby/gems/2.5.0/gems/activesupport-5.1.7/lib/active_support/reloader.rb:68:in `block in wrap'
/Users/santiago/.rbenv/versions/2.5.5/lib/ruby/gems/2.5.0/gems/activesupport-5.1.7/lib/active_support/execution_wrapper.rb:85:in `wrap'
/Users/santiago/.rbenv/versions/2.5.5/lib/ruby/gems/2.5.0/gems/activesupport-5.1.7/lib/active_support/reloader.rb:67:in `wrap'
/Users/santiago/.rbenv/versions/2.5.5/lib/ruby/gems/2.5.0/gems/sidekiq-5.1.3/lib/sidekiq/rails.rb:41:in `call'
/Users/santiago/.rbenv/versions/2.5.5/lib/ruby/gems/2.5.0/gems/sidekiq-5.1.3/lib/sidekiq/processor.rb:134:in `block (4 levels) in dispatch'
/Users/santiago/.rbenv/versions/2.5.5/lib/ruby/gems/2.5.0/gems/sidekiq-5.1.3/lib/sidekiq/processor.rb:199:in `stats'
/Users/santiago/.rbenv/versions/2.5.5/lib/ruby/gems/2.5.0/gems/sidekiq-5.1.3/lib/sidekiq/processor.rb:129:in `block (3 levels) in dispatch'
/Users/santiago/.rbenv/versions/2.5.5/lib/ruby/gems/2.5.0/gems/sidekiq-5.1.3/lib/sidekiq/job_logger.rb:8:in `call'
/Users/santiago/.rbenv/versions/2.5.5/lib/ruby/gems/2.5.0/gems/sidekiq-5.1.3/lib/sidekiq/processor.rb:128:in `block (2 levels) in dispatch'
/Users/santiago/.rbenv/versions/2.5.5/lib/ruby/gems/2.5.0/gems/sidekiq-5.1.3/lib/sidekiq/job_retry.rb:73:in `global'
/Users/santiago/.rbenv/versions/2.5.5/lib/ruby/gems/2.5.0/gems/sidekiq-5.1.3/lib/sidekiq/processor.rb:127:in `block in dispatch'
/Users/santiago/.rbenv/versions/2.5.5/lib/ruby/gems/2.5.0/gems/sidekiq-5.1.3/lib/sidekiq/logging.rb:48:in `with_context'
/Users/santiago/.rbenv/versions/2.5.5/lib/ruby/gems/2.5.0/gems/sidekiq-5.1.3/lib/sidekiq/logging.rb:42:in `with_job_hash_context'
/Users/santiago/.rbenv/versions/2.5.5/lib/ruby/gems/2.5.0/gems/sidekiq-5.1.3/lib/sidekiq/processor.rb:126:in `dispatch'
/Users/santiago/.rbenv/versions/2.5.5/lib/ruby/gems/2.5.0/gems/sidekiq-5.1.3/lib/sidekiq/processor.rb:167:in `process'
/Users/santiago/.rbenv/versions/2.5.5/lib/ruby/gems/2.5.0/gems/sidekiq-5.1.3/lib/sidekiq/processor.rb:85:in `process_one'
/Users/santiago/.rbenv/versions/2.5.5/lib/ruby/gems/2.5.0/gems/sidekiq-5.1.3/lib/sidekiq/processor.rb:73:in `run'
/Users/santiago/.rbenv/versions/2.5.5/lib/ruby/gems/2.5.0/gems/sidekiq-5.1.3/lib/sidekiq/util.rb:16:in `watchdog'
/Users/santiago/.rbenv/versions/2.5.5/lib/ruby/gems/2.5.0/gems/sidekiq-5.1.3/lib/sidekiq/util.rb:25:in `block in safe_thread'
2022-09-30T09:03:35.725Z 6875 TID-oxhhlpbqf ActionMailer::Parameterized::DeliveryJob JID-ca5221a0c6d8bf568f028c10 INFO: start
2022-09-30T09:04:05.732Z 6875 TID-oxhhlpbqf ActionMailer::Parameterized::DeliveryJob JID-ca5221a0c6d8bf568f028c10 INFO: fail: 30.007 sec
2022-09-30T09:04:05.733Z 6875 TID-oxhhlpbqf WARN: {"context":"Job raised exception","job":{"class":"ActiveJob::QueueAdapters::SidekiqAdapter::JobWrapper","wrapped":"ActionMailer::Parameterized::DeliveryJob","queue":"mailers","args":[{"job_class":"ActionMailer::Parameterized::DeliveryJob","job_id":"21e70fc5-1f02-492c-b813-047e17d11b94","provider_job_id":null,"queue_name":"mailers","priority":null,"arguments":["UserMailer","email_user_share_document","deliver_now",{"user":{"_aj_globalid":"gid://tol-users-api/Latam::User/2565"},"user_subscription":null,"extra_params":{"mail":"","text":"","numeroTOL":"LTM26.339.810","doc_url":"http://www.tirantlocal.com.co/base/col/document_file/632d70413f2e614be6eb1093","_aj_hash_with_indifferent_access":true},"_aj_symbol_keys":["user","user_subscription","extra_params"]}],"executions":0,"locale":"es"}],"retry":true,"jid":"ca5221a0c6d8bf568f028c10","created_at":1663922272.1585312,"enqueued_at":1664528546.902978,"error_message":"uninitialized constant UserMailer","error_class":"NameError","failed_at":1663922272.200793,"retry_count":7,"retried_at":1664525182.725217},"jobstr":"{\"class\":\"ActiveJob::QueueAdapters::SidekiqAdapter::JobWrapper\",\"wrapped\":\"ActionMailer::Parameterized::DeliveryJob\",\"queue\":\"mailers\",\"args\":[{\"job_class\":\"ActionMailer::Parameterized::DeliveryJob\",\"job_id\":\"21e70fc5-1f02-492c-b813-047e17d11b94\",\"provider_job_id\":null,\"queue_name\":\"mailers\",\"priority\":null,\"arguments\":[\"UserMailer\",\"email_user_share_document\",\"deliver_now\",{\"user\":{\"_aj_globalid\":\"gid://tol-users-api/Latam::User/2565\"},\"user_subscription\":null,\"extra_params\":{\"mail\":\"\",\"text\":\"\",\"numeroTOL\":\"LTM26.339.810\",\"doc_url\":\"http://www.tirantlocal.com.co/base/col/document_file/632d70413f2e614be6eb1093\",\"_aj_hash_with_indifferent_access\":true},\"_aj_symbol_keys\":[\"user\",\"user_subscription\",\"extra_params\"]}],\"executions\":0,\"locale\":\"es\"}],\"retry\":true,\"jid\":\"ca5221a0c6d8bf568f028c10\",\"created_at\":1663922272.1585312,\"enqueued_at\":1664528546.902978,\"error_message\":\"uninitialized constant UserMailer\",\"error_class\":\"NameError\",\"failed_at\":1663922272.200793,\"retry_count\":7,\"retried_at\":1664525182.725217}"}
2022-09-30T09:04:05.733Z 6875 TID-oxhhlpbqf WARN: ActiveJob::DeserializationError: Error while trying to deserialize arguments: Unknown MySQL server host 'joanot2.tirant.net' (8)
2022-09-30T09:04:05.733Z 6875 TID-oxhhlpbqf WARN: /Users/santiago/.rbenv/versions/2.5.5/lib/ruby/gems/2.5.0/gems/mysql2-0.4.10/lib/mysql2/client.rb:89:in `connect'
/Users/santiago/.rbenv/versions/2.5.5/lib/ruby/gems/2.5.0/gems/mysql2-0.4.10/lib/mysql2/client.rb:89:in `initialize'
/Users/santiago/.rbenv/versions/2.5.5/lib/ruby/gems/2.5.0/gems/activerecord-5.1.7/lib/active_record/connection_adapters/mysql2_adapter.rb:21:in `new'
/Users/santiago/.rbenv/versions/2.5.5/lib/ruby/gems/2.5.0/gems/activerecord-5.1.7/lib/active_record/connection_adapters/mysql2_adapter.rb:21:in `mysql2_connection'
/Users/santiago/.rbenv/versions/2.5.5/lib/ruby/gems/2.5.0/gems/activerecord-5.1.7/lib/active_record/connection_adapters/abstract/connection_pool.rb:761:in `new_connection'
/Users/santiago/.rbenv/versions/2.5.5/lib/ruby/gems/2.5.0/gems/activerecord-5.1.7/lib/active_record/connection_adapters/abstract/connection_pool.rb:805:in `checkout_new_connection'
/Users/santiago/.rbenv/versions/2.5.5/lib/ruby/gems/2.5.0/gems/activerecord-5.1.7/lib/active_record/connection_adapters/abstract/connection_pool.rb:784:in `try_to_checkout_new_connection'
/Users/santiago/.rbenv/versions/2.5.5/lib/ruby/gems/2.5.0/gems/activerecord-5.1.7/lib/active_record/connection_adapters/abstract/connection_pool.rb:745:in `acquire_connection'
/Users/santiago/.rbenv/versions/2.5.5/lib/ruby/gems/2.5.0/gems/activerecord-5.1.7/lib/active_record/connection_adapters/abstract/connection_pool.rb:502:in `checkout'
/Users/santiago/.rbenv/versions/2.5.5/lib/ruby/gems/2.5.0/gems/activerecord-5.1.7/lib/active_record/connection_adapters/abstract/connection_pool.rb:376:in `connection'
/Users/santiago/.rbenv/versions/2.5.5/lib/ruby/gems/2.5.0/gems/activerecord-5.1.7/lib/active_record/connection_adapters/abstract/connection_pool.rb:933:in `retrieve_connection'
/Users/santiago/.rbenv/versions/2.5.5/lib/ruby/gems/2.5.0/gems/activerecord-5.1.7/lib/active_record/connection_handling.rb:116:in `retrieve_connection'
/Users/santiago/.rbenv/versions/2.5.5/lib/ruby/gems/2.5.0/gems/activerecord-5.1.7/lib/active_record/connection_handling.rb:88:in `connection'
/Users/santiago/.rbenv/versions/2.5.5/lib/ruby/gems/2.5.0/gems/activerecord-5.1.7/lib/active_record/relation/delegation.rb:44:in `connection'
/Users/santiago/.rbenv/versions/2.5.5/lib/ruby/gems/2.5.0/gems/activerecord-5.1.7/lib/active_record/relation/query_methods.rb:81:in `bound_attributes'
/Users/santiago/.rbenv/versions/2.5.5/lib/ruby/gems/2.5.0/gems/activerecord-5.1.7/lib/active_record/relation.rb:678:in `exec_queries'
/Users/santiago/.rbenv/versions/2.5.5/lib/ruby/gems/2.5.0/gems/activerecord-5.1.7/lib/active_record/relation.rb:546:in `load'
/Users/santiago/.rbenv/versions/2.5.5/lib/ruby/gems/2.5.0/gems/activerecord-5.1.7/lib/active_record/relation.rb:255:in `records'
/Users/santiago/.rbenv/versions/2.5.5/lib/ruby/gems/2.5.0/gems/activerecord-5.1.7/lib/active_record/relation/finder_methods.rb:508:in `find_take'
/Users/santiago/.rbenv/versions/2.5.5/lib/ruby/gems/2.5.0/gems/activerecord-5.1.7/lib/active_record/relation/finder_methods.rb:100:in `take'
/Users/santiago/.rbenv/versions/2.5.5/lib/ruby/gems/2.5.0/gems/activerecord-5.1.7/lib/active_record/relation/finder_methods.rb:458:in `find_one'
/Users/santiago/.rbenv/versions/2.5.5/lib/ruby/gems/2.5.0/gems/activerecord-5.1.7/lib/active_record/relation/finder_methods.rb:440:in `find_with_ids'
/Users/santiago/.rbenv/versions/2.5.5/lib/ruby/gems/2.5.0/gems/activerecord-5.1.7/lib/active_record/relation/finder_methods.rb:66:in `find'
/Users/santiago/.rbenv/versions/2.5.5/lib/ruby/gems/2.5.0/gems/activerecord-5.1.7/lib/active_record/querying.rb:3:in `find'
/Users/santiago/.rbenv/versions/2.5.5/lib/ruby/gems/2.5.0/gems/composite_primary_keys-10.0.5/lib/composite_primary_keys/core.rb:27:in `find'
/Users/santiago/.rbenv/versions/2.5.5/lib/ruby/gems/2.5.0/gems/globalid-0.5.2/lib/global_id/locator.rb:130:in `locate'
/Users/santiago/.rbenv/versions/2.5.5/lib/ruby/gems/2.5.0/gems/globalid-0.5.2/lib/global_id/locator.rb:155:in `block in locate'
/Users/santiago/.rbenv/versions/2.5.5/lib/ruby/gems/2.5.0/gems/globalid-0.5.2/lib/global_id/locator.rb:165:in `block in unscoped'
/Users/santiago/.rbenv/versions/2.5.5/lib/ruby/gems/2.5.0/gems/activerecord-5.1.7/lib/active_record/scoping/default.rb:35:in `block in unscoped'
/Users/santiago/.rbenv/versions/2.5.5/lib/ruby/gems/2.5.0/gems/activerecord-5.1.7/lib/active_record/relation.rb:336:in `scoping'
/Users/santiago/.rbenv/versions/2.5.5/lib/ruby/gems/2.5.0/gems/activerecord-5.1.7/lib/active_record/scoping/default.rb:35:in `unscoped'
/Users/santiago/.rbenv/versions/2.5.5/lib/ruby/gems/2.5.0/gems/globalid-0.5.2/lib/global_id/locator.rb:165:in `unscoped'
/Users/santiago/.rbenv/versions/2.5.5/lib/ruby/gems/2.5.0/gems/globalid-0.5.2/lib/global_id/locator.rb:155:in `locate'
/Users/santiago/.rbenv/versions/2.5.5/lib/ruby/gems/2.5.0/gems/globalid-0.5.2/lib/global_id/locator.rb:17:in `locate'
/Users/santiago/.rbenv/versions/2.5.5/lib/ruby/gems/2.5.0/gems/activejob-5.1.7/lib/active_job/arguments.rb:99:in `deserialize_global_id'
/Users/santiago/.rbenv/versions/2.5.5/lib/ruby/gems/2.5.0/gems/activejob-5.1.7/lib/active_job/arguments.rb:85:in `deserialize_argument'
/Users/santiago/.rbenv/versions/2.5.5/lib/ruby/gems/2.5.0/gems/activejob-5.1.7/lib/active_job/arguments.rb:109:in `block in deserialize_hash'
/Users/santiago/.rbenv/versions/2.5.5/lib/ruby/gems/2.5.0/gems/activejob-5.1.7/lib/active_job/arguments.rb:109:in `transform_values'
/Users/santiago/.rbenv/versions/2.5.5/lib/ruby/gems/2.5.0/gems/activejob-5.1.7/lib/active_job/arguments.rb:109:in `deserialize_hash'
/Users/santiago/.rbenv/versions/2.5.5/lib/ruby/gems/2.5.0/gems/activejob-5.1.7/lib/active_job/arguments.rb:87:in `deserialize_argument'
/Users/santiago/.rbenv/versions/2.5.5/lib/ruby/gems/2.5.0/gems/activejob-5.1.7/lib/active_job/arguments.rb:39:in `block in deserialize'
/Users/santiago/.rbenv/versions/2.5.5/lib/ruby/gems/2.5.0/gems/activejob-5.1.7/lib/active_job/arguments.rb:39:in `map'
/Users/santiago/.rbenv/versions/2.5.5/lib/ruby/gems/2.5.0/gems/activejob-5.1.7/lib/active_job/arguments.rb:39:in `deserialize'
/Users/santiago/.rbenv/versions/2.5.5/lib/ruby/gems/2.5.0/gems/activejob-5.1.7/lib/active_job/core.rb:135:in `deserialize_arguments'
/Users/santiago/.rbenv/versions/2.5.5/lib/ruby/gems/2.5.0/gems/activejob-5.1.7/lib/active_job/core.rb:125:in `deserialize_arguments_if_needed'
/Users/santiago/.rbenv/versions/2.5.5/lib/ruby/gems/2.5.0/gems/activejob-5.1.7/lib/active_job/execution.rb:32:in `perform_now'
/Users/santiago/.rbenv/versions/2.5.5/lib/ruby/gems/2.5.0/gems/activejob-5.1.7/lib/active_job/execution.rb:22:in `block in execute'
/Users/santiago/.rbenv/versions/2.5.5/lib/ruby/gems/2.5.0/gems/activesupport-5.1.7/lib/active_support/callbacks.rb:108:in `block in run_callbacks'
/Users/santiago/.rbenv/versions/2.5.5/lib/ruby/gems/2.5.0/gems/activejob-5.1.7/lib/active_job/railtie.rb:26:in `block (4 levels) in <class:Railtie>'
/Users/santiago/.rbenv/versions/2.5.5/lib/ruby/gems/2.5.0/gems/activesupport-5.1.7/lib/active_support/execution_wrapper.rb:85:in `wrap'
/Users/santiago/.rbenv/versions/2.5.5/lib/ruby/gems/2.5.0/gems/activesupport-5.1.7/lib/active_support/reloader.rb:68:in `block in wrap'
/Users/santiago/.rbenv/versions/2.5.5/lib/ruby/gems/2.5.0/gems/activesupport-5.1.7/lib/active_support/execution_wrapper.rb:81:in `wrap'
/Users/santiago/.rbenv/versions/2.5.5/lib/ruby/gems/2.5.0/gems/activesupport-5.1.7/lib/active_support/reloader.rb:67:in `wrap'
/Users/santiago/.rbenv/versions/2.5.5/lib/ruby/gems/2.5.0/gems/activejob-5.1.7/lib/active_job/railtie.rb:25:in `block (3 levels) in <class:Railtie>'
/Users/santiago/.rbenv/versions/2.5.5/lib/ruby/gems/2.5.0/gems/activesupport-5.1.7/lib/active_support/callbacks.rb:117:in `instance_exec'
/Users/santiago/.rbenv/versions/2.5.5/lib/ruby/gems/2.5.0/gems/activesupport-5.1.7/lib/active_support/callbacks.rb:117:in `block in run_callbacks'
/Users/santiago/.rbenv/versions/2.5.5/lib/ruby/gems/2.5.0/gems/activesupport-5.1.7/lib/active_support/callbacks.rb:135:in `run_callbacks'
/Users/santiago/.rbenv/versions/2.5.5/lib/ruby/gems/2.5.0/gems/activejob-5.1.7/lib/active_job/execution.rb:20:in `execute'
/Users/santiago/.rbenv/versions/2.5.5/lib/ruby/gems/2.5.0/gems/activejob-5.1.7/lib/active_job/queue_adapters/sidekiq_adapter.rb:40:in `perform'
/Users/santiago/.rbenv/versions/2.5.5/lib/ruby/gems/2.5.0/gems/sidekiq-5.1.3/lib/sidekiq/processor.rb:187:in `execute_job'
/Users/santiago/.rbenv/versions/2.5.5/lib/ruby/gems/2.5.0/gems/sidekiq-5.1.3/lib/sidekiq/processor.rb:169:in `block (2 levels) in process'
/Users/santiago/.rbenv/versions/2.5.5/lib/ruby/gems/2.5.0/gems/sidekiq-5.1.3/lib/sidekiq/middleware/chain.rb:128:in `block in invoke'
/Users/santiago/.rbenv/versions/2.5.5/lib/ruby/gems/2.5.0/gems/sidekiq-5.1.3/lib/sidekiq/middleware/chain.rb:133:in `invoke'
/Users/santiago/.rbenv/versions/2.5.5/lib/ruby/gems/2.5.0/gems/sidekiq-5.1.3/lib/sidekiq/processor.rb:168:in `block in process'
/Users/santiago/.rbenv/versions/2.5.5/lib/ruby/gems/2.5.0/gems/sidekiq-5.1.3/lib/sidekiq/processor.rb:139:in `block (6 levels) in dispatch'
/Users/santiago/.rbenv/versions/2.5.5/lib/ruby/gems/2.5.0/gems/sidekiq-5.1.3/lib/sidekiq/job_retry.rb:98:in `local'
/Users/santiago/.rbenv/versions/2.5.5/lib/ruby/gems/2.5.0/gems/sidekiq-5.1.3/lib/sidekiq/processor.rb:138:in `block (5 levels) in dispatch'
/Users/santiago/.rbenv/versions/2.5.5/lib/ruby/gems/2.5.0/gems/sidekiq-5.1.3/lib/sidekiq/rails.rb:42:in `block in call'
/Users/santiago/.rbenv/versions/2.5.5/lib/ruby/gems/2.5.0/gems/activesupport-5.1.7/lib/active_support/execution_wrapper.rb:85:in `wrap'
/Users/santiago/.rbenv/versions/2.5.5/lib/ruby/gems/2.5.0/gems/activesupport-5.1.7/lib/active_support/reloader.rb:68:in `block in wrap'
/Users/santiago/.rbenv/versions/2.5.5/lib/ruby/gems/2.5.0/gems/activesupport-5.1.7/lib/active_support/execution_wrapper.rb:85:in `wrap'
/Users/santiago/.rbenv/versions/2.5.5/lib/ruby/gems/2.5.0/gems/activesupport-5.1.7/lib/active_support/reloader.rb:67:in `wrap'
/Users/santiago/.rbenv/versions/2.5.5/lib/ruby/gems/2.5.0/gems/sidekiq-5.1.3/lib/sidekiq/rails.rb:41:in `call'
/Users/santiago/.rbenv/versions/2.5.5/lib/ruby/gems/2.5.0/gems/sidekiq-5.1.3/lib/sidekiq/processor.rb:134:in `block (4 levels) in dispatch'
/Users/santiago/.rbenv/versions/2.5.5/lib/ruby/gems/2.5.0/gems/sidekiq-5.1.3/lib/sidekiq/processor.rb:199:in `stats'
/Users/santiago/.rbenv/versions/2.5.5/lib/ruby/gems/2.5.0/gems/sidekiq-5.1.3/lib/sidekiq/processor.rb:129:in `block (3 levels) in dispatch'
/Users/santiago/.rbenv/versions/2.5.5/lib/ruby/gems/2.5.0/gems/sidekiq-5.1.3/lib/sidekiq/job_logger.rb:8:in `call'
/Users/santiago/.rbenv/versions/2.5.5/lib/ruby/gems/2.5.0/gems/sidekiq-5.1.3/lib/sidekiq/processor.rb:128:in `block (2 levels) in dispatch'
/Users/santiago/.rbenv/versions/2.5.5/lib/ruby/gems/2.5.0/gems/sidekiq-5.1.3/lib/sidekiq/job_retry.rb:73:in `global'
/Users/santiago/.rbenv/versions/2.5.5/lib/ruby/gems/2.5.0/gems/sidekiq-5.1.3/lib/sidekiq/processor.rb:127:in `block in dispatch'
/Users/santiago/.rbenv/versions/2.5.5/lib/ruby/gems/2.5.0/gems/sidekiq-5.1.3/lib/sidekiq/logging.rb:48:in `with_context'
/Users/santiago/.rbenv/versions/2.5.5/lib/ruby/gems/2.5.0/gems/sidekiq-5.1.3/lib/sidekiq/logging.rb:42:in `with_job_hash_context'
/Users/santiago/.rbenv/versions/2.5.5/lib/ruby/gems/2.5.0/gems/sidekiq-5.1.3/lib/sidekiq/processor.rb:126:in `dispatch'
/Users/santiago/.rbenv/versions/2.5.5/lib/ruby/gems/2.5.0/gems/sidekiq-5.1.3/lib/sidekiq/processor.rb:167:in `process'
/Users/santiago/.rbenv/versions/2.5.5/lib/ruby/gems/2.5.0/gems/sidekiq-5.1.3/lib/sidekiq/processor.rb:85:in `process_one'
/Users/santiago/.rbenv/versions/2.5.5/lib/ruby/gems/2.5.0/gems/sidekiq-5.1.3/lib/sidekiq/processor.rb:73:in `run'
/Users/santiago/.rbenv/versions/2.5.5/lib/ruby/gems/2.5.0/gems/sidekiq-5.1.3/lib/sidekiq/util.rb:16:in `watchdog'
/Users/santiago/.rbenv/versions/2.5.5/lib/ruby/gems/2.5.0/gems/sidekiq-5.1.3/lib/sidekiq/util.rb:25:in `block in safe_thread'
2022-09-30T09:35:26.170Z 6875 TID-oxhomvqf3 UserPresubscription::ConfirmationMailJob JID-eac14d1dc547c0f70c1e934c INFO: start
2022-09-30T09:35:27.055Z 6875 TID-oxhomvqf3 UserPresubscription::ConfirmationMailJob JID-eac14d1dc547c0f70c1e934c INFO: done: 0.885 sec
2022-09-30T09:35:27.056Z 6875 TID-oxhomvqf3 ActionMailer::Parameterized::DeliveryJob JID-3ea638253bd837c698a05942 INFO: start
2022-09-30T09:35:27.347Z 6875 TID-oxhomvqf3 ActionMailer::Parameterized::DeliveryJob JID-3ea638253bd837c698a05942 INFO: done: 0.291 sec
2022-09-30T09:41:55.422Z 6875 TID-oxhomvqf3 UserPresubscription::ConfirmationMailJob JID-eaa768d331554af5e71583c0 INFO: start
2022-09-30T09:41:56.207Z 6875 TID-oxhomvqf3 UserPresubscription::ConfirmationMailJob JID-eaa768d331554af5e71583c0 INFO: done: 0.785 sec
2022-09-30T09:41:56.207Z 6875 TID-oxhomvqf3 ActionMailer::Parameterized::DeliveryJob JID-344c3e0ba403c247941dfd82 INFO: start
2022-09-30T09:41:56.540Z 6875 TID-oxhomvqf3 ActionMailer::Parameterized::DeliveryJob JID-344c3e0ba403c247941dfd82 INFO: done: 0.333 sec
2022-09-30T09:48:44.038Z 6875 TID-oxhomvqf3 UserPresubscription::ConfirmationMailJob JID-f8118c89dd923d485e04746b INFO: start
2022-09-30T09:48:44.459Z 6875 TID-oxhomvqf3 UserPresubscription::ConfirmationMailJob JID-f8118c89dd923d485e04746b INFO: done: 0.421 sec
2022-09-30T09:48:44.460Z 6875 TID-oxhomvqf3 ActionMailer::Parameterized::DeliveryJob JID-4d1f23eb4ec3af019ff61683 INFO: start
2022-09-30T09:48:44.729Z 6875 TID-oxhomvqf3 ActionMailer::Parameterized::DeliveryJob JID-4d1f23eb4ec3af019ff61683 INFO: done: 0.27 sec
2022-09-30T09:54:59.317Z 6875 TID-oxhomvqf3 UserPresubscription::ConfirmationMailJob JID-7cf8168c0ecfb2307bc99e6a INFO: start
2022-09-30T09:54:59.634Z 6875 TID-oxhomvqf3 UserPresubscription::ConfirmationMailJob JID-7cf8168c0ecfb2307bc99e6a INFO: done: 0.318 sec
2022-09-30T09:54:59.635Z 6875 TID-oxhomvqf3 ActionMailer::Parameterized::DeliveryJob JID-27d588dd1cb6239bca0285f3 INFO: start
2022-09-30T09:54:59.838Z 6875 TID-oxhomvqf3 ActionMailer::Parameterized::DeliveryJob JID-27d588dd1cb6239bca0285f3 INFO: done: 0.203 sec
2022-09-30T10:01:37.461Z 6875 TID-oxhomvqf3 UserPresubscription::ConfirmationMailJob JID-04cab7825cff88a791097751 INFO: start
2022-09-30T10:01:37.549Z 6875 TID-oxhomvqf3 UserPresubscription::ConfirmationMailJob JID-04cab7825cff88a791097751 INFO: fail: 0.088 sec
2022-09-30T10:01:37.549Z 6875 TID-oxhomvqf3 WARN: {"context":"Job raised exception","job":{"class":"ActiveJob::QueueAdapters::SidekiqAdapter::JobWrapper","wrapped":"UserPresubscription::ConfirmationMailJob","queue":"default","args":[{"job_class":"UserPresubscription::ConfirmationMailJob","job_id":"0d765264-e7ed-4e68-bf17-f27e90dc5017","provider_job_id":null,"queue_name":"default","priority":null,"arguments":[{"user_presubscription":{"_aj_globalid":"gid://tol-users-api/Esp::UserPresubscription/32169"},"_aj_symbol_keys":["user_presubscription"]}],"executions":0,"locale":"es"}],"retry":true,"jid":"04cab7825cff88a791097751","created_at":1664532097.459965,"enqueued_at":1664532097.4600692},"jobstr":"{\"class\":\"ActiveJob::QueueAdapters::SidekiqAdapter::JobWrapper\",\"wrapped\":\"UserPresubscription::ConfirmationMailJob\",\"queue\":\"default\",\"args\":[{\"job_class\":\"UserPresubscription::ConfirmationMailJob\",\"job_id\":\"0d765264-e7ed-4e68-bf17-f27e90dc5017\",\"provider_job_id\":null,\"queue_name\":\"default\",\"priority\":null,\"arguments\":[{\"user_presubscription\":{\"_aj_globalid\":\"gid://tol-users-api/Esp::UserPresubscription/32169\"},\"_aj_symbol_keys\":[\"user_presubscription\"]}],\"executions\":0,\"locale\":\"es\"}],\"retry\":true,\"jid\":\"04cab7825cff88a791097751\",\"created_at\":1664532097.459965,\"enqueued_at\":1664532097.4600692}"}
2022-09-30T10:01:37.549Z 6875 TID-oxhomvqf3 WARN: ActiveJob::DeserializationError: Error while trying to deserialize arguments: Couldn't find Esp::UserPresubscription with 'presubscriptionid'=32169
2022-09-30T10:01:37.549Z 6875 TID-oxhomvqf3 WARN: /Users/santiago/.rbenv/versions/2.5.5/lib/ruby/gems/2.5.0/gems/activerecord-5.1.7/lib/active_record/relation/finder_methods.rb:343:in `raise_record_not_found_exception!'
/Users/santiago/.rbenv/versions/2.5.5/lib/ruby/gems/2.5.0/gems/activerecord-5.1.7/lib/active_record/relation/finder_methods.rb:460:in `find_one'
/Users/santiago/.rbenv/versions/2.5.5/lib/ruby/gems/2.5.0/gems/activerecord-5.1.7/lib/active_record/relation/finder_methods.rb:440:in `find_with_ids'
/Users/santiago/.rbenv/versions/2.5.5/lib/ruby/gems/2.5.0/gems/activerecord-5.1.7/lib/active_record/relation/finder_methods.rb:66:in `find'
/Users/santiago/.rbenv/versions/2.5.5/lib/ruby/gems/2.5.0/gems/activerecord-5.1.7/lib/active_record/querying.rb:3:in `find'
/Users/santiago/.rbenv/versions/2.5.5/lib/ruby/gems/2.5.0/gems/composite_primary_keys-10.0.5/lib/composite_primary_keys/core.rb:27:in `find'
/Users/santiago/.rbenv/versions/2.5.5/lib/ruby/gems/2.5.0/gems/globalid-0.5.2/lib/global_id/locator.rb:130:in `locate'
/Users/santiago/.rbenv/versions/2.5.5/lib/ruby/gems/2.5.0/gems/globalid-0.5.2/lib/global_id/locator.rb:155:in `block in locate'
/Users/santiago/.rbenv/versions/2.5.5/lib/ruby/gems/2.5.0/gems/globalid-0.5.2/lib/global_id/locator.rb:165:in `block in unscoped'
/Users/santiago/.rbenv/versions/2.5.5/lib/ruby/gems/2.5.0/gems/activerecord-5.1.7/lib/active_record/scoping/default.rb:35:in `block in unscoped'
/Users/santiago/.rbenv/versions/2.5.5/lib/ruby/gems/2.5.0/gems/activerecord-5.1.7/lib/active_record/relation.rb:336:in `scoping'
/Users/santiago/.rbenv/versions/2.5.5/lib/ruby/gems/2.5.0/gems/activerecord-5.1.7/lib/active_record/scoping/default.rb:35:in `unscoped'
/Users/santiago/.rbenv/versions/2.5.5/lib/ruby/gems/2.5.0/gems/globalid-0.5.2/lib/global_id/locator.rb:165:in `unscoped'
/Users/santiago/.rbenv/versions/2.5.5/lib/ruby/gems/2.5.0/gems/globalid-0.5.2/lib/global_id/locator.rb:155:in `locate'
/Users/santiago/.rbenv/versions/2.5.5/lib/ruby/gems/2.5.0/gems/globalid-0.5.2/lib/global_id/locator.rb:17:in `locate'
/Users/santiago/.rbenv/versions/2.5.5/lib/ruby/gems/2.5.0/gems/activejob-5.1.7/lib/active_job/arguments.rb:99:in `deserialize_global_id'
/Users/santiago/.rbenv/versions/2.5.5/lib/ruby/gems/2.5.0/gems/activejob-5.1.7/lib/active_job/arguments.rb:85:in `deserialize_argument'
/Users/santiago/.rbenv/versions/2.5.5/lib/ruby/gems/2.5.0/gems/activejob-5.1.7/lib/active_job/arguments.rb:109:in `block in deserialize_hash'
/Users/santiago/.rbenv/versions/2.5.5/lib/ruby/gems/2.5.0/gems/activejob-5.1.7/lib/active_job/arguments.rb:109:in `transform_values'
/Users/santiago/.rbenv/versions/2.5.5/lib/ruby/gems/2.5.0/gems/activejob-5.1.7/lib/active_job/arguments.rb:109:in `deserialize_hash'
/Users/santiago/.rbenv/versions/2.5.5/lib/ruby/gems/2.5.0/gems/activejob-5.1.7/lib/active_job/arguments.rb:87:in `deserialize_argument'
/Users/santiago/.rbenv/versions/2.5.5/lib/ruby/gems/2.5.0/gems/activejob-5.1.7/lib/active_job/arguments.rb:39:in `block in deserialize'
/Users/santiago/.rbenv/versions/2.5.5/lib/ruby/gems/2.5.0/gems/activejob-5.1.7/lib/active_job/arguments.rb:39:in `map'
/Users/santiago/.rbenv/versions/2.5.5/lib/ruby/gems/2.5.0/gems/activejob-5.1.7/lib/active_job/arguments.rb:39:in `deserialize'
/Users/santiago/.rbenv/versions/2.5.5/lib/ruby/gems/2.5.0/gems/activejob-5.1.7/lib/active_job/core.rb:135:in `deserialize_arguments'
/Users/santiago/.rbenv/versions/2.5.5/lib/ruby/gems/2.5.0/gems/activejob-5.1.7/lib/active_job/core.rb:125:in `deserialize_arguments_if_needed'
/Users/santiago/.rbenv/versions/2.5.5/lib/ruby/gems/2.5.0/gems/activejob-5.1.7/lib/active_job/execution.rb:32:in `perform_now'
/Users/santiago/.rbenv/versions/2.5.5/lib/ruby/gems/2.5.0/gems/activejob-5.1.7/lib/active_job/execution.rb:22:in `block in execute'
/Users/santiago/.rbenv/versions/2.5.5/lib/ruby/gems/2.5.0/gems/activesupport-5.1.7/lib/active_support/callbacks.rb:108:in `block in run_callbacks'
/Users/santiago/.rbenv/versions/2.5.5/lib/ruby/gems/2.5.0/gems/activejob-5.1.7/lib/active_job/railtie.rb:26:in `block (4 levels) in <class:Railtie>'
/Users/santiago/.rbenv/versions/2.5.5/lib/ruby/gems/2.5.0/gems/activesupport-5.1.7/lib/active_support/execution_wrapper.rb:85:in `wrap'
/Users/santiago/.rbenv/versions/2.5.5/lib/ruby/gems/2.5.0/gems/activesupport-5.1.7/lib/active_support/reloader.rb:68:in `block in wrap'
/Users/santiago/.rbenv/versions/2.5.5/lib/ruby/gems/2.5.0/gems/activesupport-5.1.7/lib/active_support/execution_wrapper.rb:81:in `wrap'
/Users/santiago/.rbenv/versions/2.5.5/lib/ruby/gems/2.5.0/gems/activesupport-5.1.7/lib/active_support/reloader.rb:67:in `wrap'
/Users/santiago/.rbenv/versions/2.5.5/lib/ruby/gems/2.5.0/gems/activejob-5.1.7/lib/active_job/railtie.rb:25:in `block (3 levels) in <class:Railtie>'
/Users/santiago/.rbenv/versions/2.5.5/lib/ruby/gems/2.5.0/gems/activesupport-5.1.7/lib/active_support/callbacks.rb:117:in `instance_exec'
/Users/santiago/.rbenv/versions/2.5.5/lib/ruby/gems/2.5.0/gems/activesupport-5.1.7/lib/active_support/callbacks.rb:117:in `block in run_callbacks'
/Users/santiago/.rbenv/versions/2.5.5/lib/ruby/gems/2.5.0/gems/activesupport-5.1.7/lib/active_support/callbacks.rb:135:in `run_callbacks'
/Users/santiago/.rbenv/versions/2.5.5/lib/ruby/gems/2.5.0/gems/activejob-5.1.7/lib/active_job/execution.rb:20:in `execute'
/Users/santiago/.rbenv/versions/2.5.5/lib/ruby/gems/2.5.0/gems/activejob-5.1.7/lib/active_job/queue_adapters/sidekiq_adapter.rb:40:in `perform'
/Users/santiago/.rbenv/versions/2.5.5/lib/ruby/gems/2.5.0/gems/sidekiq-5.1.3/lib/sidekiq/processor.rb:187:in `execute_job'
/Users/santiago/.rbenv/versions/2.5.5/lib/ruby/gems/2.5.0/gems/sidekiq-5.1.3/lib/sidekiq/processor.rb:169:in `block (2 levels) in process'
/Users/santiago/.rbenv/versions/2.5.5/lib/ruby/gems/2.5.0/gems/sidekiq-5.1.3/lib/sidekiq/middleware/chain.rb:128:in `block in invoke'
/Users/santiago/.rbenv/versions/2.5.5/lib/ruby/gems/2.5.0/gems/sidekiq-5.1.3/lib/sidekiq/middleware/chain.rb:133:in `invoke'
/Users/santiago/.rbenv/versions/2.5.5/lib/ruby/gems/2.5.0/gems/sidekiq-5.1.3/lib/sidekiq/processor.rb:168:in `block in process'
/Users/santiago/.rbenv/versions/2.5.5/lib/ruby/gems/2.5.0/gems/sidekiq-5.1.3/lib/sidekiq/processor.rb:139:in `block (6 levels) in dispatch'
/Users/santiago/.rbenv/versions/2.5.5/lib/ruby/gems/2.5.0/gems/sidekiq-5.1.3/lib/sidekiq/job_retry.rb:98:in `local'
/Users/santiago/.rbenv/versions/2.5.5/lib/ruby/gems/2.5.0/gems/sidekiq-5.1.3/lib/sidekiq/processor.rb:138:in `block (5 levels) in dispatch'
/Users/santiago/.rbenv/versions/2.5.5/lib/ruby/gems/2.5.0/gems/sidekiq-5.1.3/lib/sidekiq/rails.rb:42:in `block in call'
/Users/santiago/.rbenv/versions/2.5.5/lib/ruby/gems/2.5.0/gems/activesupport-5.1.7/lib/active_support/execution_wrapper.rb:85:in `wrap'
/Users/santiago/.rbenv/versions/2.5.5/lib/ruby/gems/2.5.0/gems/activesupport-5.1.7/lib/active_support/reloader.rb:68:in `block in wrap'
/Users/santiago/.rbenv/versions/2.5.5/lib/ruby/gems/2.5.0/gems/activesupport-5.1.7/lib/active_support/execution_wrapper.rb:85:in `wrap'
/Users/santiago/.rbenv/versions/2.5.5/lib/ruby/gems/2.5.0/gems/activesupport-5.1.7/lib/active_support/reloader.rb:67:in `wrap'
/Users/santiago/.rbenv/versions/2.5.5/lib/ruby/gems/2.5.0/gems/sidekiq-5.1.3/lib/sidekiq/rails.rb:41:in `call'
/Users/santiago/.rbenv/versions/2.5.5/lib/ruby/gems/2.5.0/gems/sidekiq-5.1.3/lib/sidekiq/processor.rb:134:in `block (4 levels) in dispatch'
/Users/santiago/.rbenv/versions/2.5.5/lib/ruby/gems/2.5.0/gems/sidekiq-5.1.3/lib/sidekiq/processor.rb:199:in `stats'
/Users/santiago/.rbenv/versions/2.5.5/lib/ruby/gems/2.5.0/gems/sidekiq-5.1.3/lib/sidekiq/processor.rb:129:in `block (3 levels) in dispatch'
/Users/santiago/.rbenv/versions/2.5.5/lib/ruby/gems/2.5.0/gems/sidekiq-5.1.3/lib/sidekiq/job_logger.rb:8:in `call'
/Users/santiago/.rbenv/versions/2.5.5/lib/ruby/gems/2.5.0/gems/sidekiq-5.1.3/lib/sidekiq/processor.rb:128:in `block (2 levels) in dispatch'
/Users/santiago/.rbenv/versions/2.5.5/lib/ruby/gems/2.5.0/gems/sidekiq-5.1.3/lib/sidekiq/job_retry.rb:73:in `global'
/Users/santiago/.rbenv/versions/2.5.5/lib/ruby/gems/2.5.0/gems/sidekiq-5.1.3/lib/sidekiq/processor.rb:127:in `block in dispatch'
/Users/santiago/.rbenv/versions/2.5.5/lib/ruby/gems/2.5.0/gems/sidekiq-5.1.3/lib/sidekiq/logging.rb:48:in `with_context'
/Users/santiago/.rbenv/versions/2.5.5/lib/ruby/gems/2.5.0/gems/sidekiq-5.1.3/lib/sidekiq/logging.rb:42:in `with_job_hash_context'
/Users/santiago/.rbenv/versions/2.5.5/lib/ruby/gems/2.5.0/gems/sidekiq-5.1.3/lib/sidekiq/processor.rb:126:in `dispatch'
/Users/santiago/.rbenv/versions/2.5.5/lib/ruby/gems/2.5.0/gems/sidekiq-5.1.3/lib/sidekiq/processor.rb:167:in `process'
/Users/santiago/.rbenv/versions/2.5.5/lib/ruby/gems/2.5.0/gems/sidekiq-5.1.3/lib/sidekiq/processor.rb:85:in `process_one'
/Users/santiago/.rbenv/versions/2.5.5/lib/ruby/gems/2.5.0/gems/sidekiq-5.1.3/lib/sidekiq/processor.rb:73:in `run'
/Users/santiago/.rbenv/versions/2.5.5/lib/ruby/gems/2.5.0/gems/sidekiq-5.1.3/lib/sidekiq/util.rb:16:in `watchdog'
/Users/santiago/.rbenv/versions/2.5.5/lib/ruby/gems/2.5.0/gems/sidekiq-5.1.3/lib/sidekiq/util.rb:25:in `block in safe_thread'
2022-09-30T10:02:05.450Z 6875 TID-oxhus3uwv UserPresubscription::ConfirmationMailJob JID-04cab7825cff88a791097751 INFO: start
2022-09-30T10:02:05.769Z 6875 TID-oxhus3uwv UserPresubscription::ConfirmationMailJob JID-04cab7825cff88a791097751 INFO: done: 0.319 sec
2022-09-30T10:02:05.769Z 6875 TID-oxhus3uwv ActionMailer::Parameterized::DeliveryJob JID-dab808d27f183b7cab5ff1fb INFO: start
2022-09-30T10:02:05.997Z 6875 TID-oxhus3uwv ActionMailer::Parameterized::DeliveryJob JID-dab808d27f183b7cab5ff1fb INFO: done: 0.228 sec
2022-09-30T10:07:16.838Z 6875 TID-oxhuw2j1j INFO: Shutting down
2022-09-30T10:07:16.840Z 6875 TID-oxhuw2j1j INFO: Terminating quiet workers
2022-09-30T10:07:16.840Z 6875 TID-oxhokvo7b INFO: Scheduler exiting...
2022-09-30T10:07:16.946Z 6875 TID-oxhuw2j1j INFO: Pausing to allow workers to finish...
2022-09-30T10:07:17.360Z 6875 TID-oxhuw2j1j INFO: Bye!
